<?xml version="1.0" encoding="UTF-8"?>
<!-- Generated by org.testng.reporters.JUnitXMLReporter -->
<testsuite ignored="2" hostname="LAPTOP-A1J62A9F" failures="0" tests="2" name="SanityTesting(failed)(failed)" time="0.115" errors="0" timestamp="2022-07-26T23:37:02 IST">
  <testcase classname="TestNGSerial_ParralelEx1.SanityTesting" name="Build2" time="0.017"/>
  <testcase classname="TestNGSerial_ParralelEx1.SanityTesting" name="Build3" time="0.002"/>
  <testcase classname="TestNGSerial_ParralelEx1.SanityTesting" name="Build1" time="0.0">
    <ignored/>
  </testcase> <!-- Build1 -->
  <testcase classname="TestNGSerial_ParralelEx1.SanityTesting" name="Build4" time="0.0">
    <ignored/>
  </testcase> <!-- Build4 -->
</testsuite> <!-- SanityTesting(failed)(failed) -->
