<?xml version="1.0" encoding="UTF-8"?>
<!-- Generated by org.testng.reporters.JUnitXMLReporter -->
<testsuite ignored="1" hostname="LAPTOP-A1J62A9F" failures="1" tests="23" name="allcombineclass" time="1.269" errors="0" timestamp="2022-08-04T00:31:37 IST">
  <testcase classname="TestNGKeywords.PriorityStudy" name="c" time="0.021"/>
  <testcase classname="TestNGKeywords.PriorityStudy" name="e" time="0.0"/>
  <testcase classname="TestNGKeywords.PriorityStudy" name="a" time="0.0"/>
  <testcase classname="TestNGKeywords.PriorityStudy" name="b" time="0.0"/>
  <testcase classname="TestNGKeywords.PriorityStudy" name="d" time="0.009"/>
  <testcase classname="TestNGKeywords.EnabaledStudy" name="a" time="0.0"/>
  <testcase classname="TestNGKeywords.EnabaledStudy" name="c" time="0.0"/>
  <testcase classname="TestNGKeywords.TimeOutUse" name="a" time="0.0"/>
  <testcase classname="TestNGKeywords.TimeOutUse" name="b" time="1.035">
    <failure type="org.testng.internal.thread.ThreadTimeoutException" message="Method TestNGKeywords.TimeOutUse.b() didn&amp;apos;t finish within the time-out 1000">
      <![CDATA[org.testng.internal.thread.ThreadTimeoutException: Method TestNGKeywords.TimeOutUse.b() didn't finish within the time-out 1000
at java.base/java.util.ArrayList.forEach(ArrayList.java:1541)
... Removed 24 stack frames]]>
    </failure>
  </testcase> <!-- b -->
  <testcase classname="TestNGKeywords.TimeOutUse" name="c" time="0.0"/>
  <testcase classname="TestNGKeywords.TimeOutUse" name="d" time="0.002"/>
  <testcase classname="TestNGKeywords.TimeOutUse" name="e" time="0.005"/>
  <testcase classname="TestNGKeywords.InvocationCountStudy" name="Apple" time="0.0"/>
  <testcase classname="TestNGKeywords.InvocationCountStudy" name="Mymethod" time="0.008"/>
  <testcase classname="TestNGKeywords.InvocationCountStudy" name="Mymethod" time="0.005"/>
  <testcase classname="TestNGKeywords.InvocationCountStudy" name="Mymethod" time="0.002"/>
  <testcase classname="TestNGKeywords.InvocationCountStudy" name="Mymethod" time="0.0"/>
  <testcase classname="TestNGKeywords.InvocationCountStudy" name="Mymethod" time="0.011"/>
  <testcase classname="TestNGKeywords.DependsOnstudy" name="b" time="0.0"/>
  <testcase classname="TestNGKeywords.DependsOnstudy" name="a" time="0.0"/>
  <testcase classname="TestNGKeywords.DependsOnstudy" name="c" time="0.0"/>
  <testcase classname="TestNGKeywords.DependsOnstudy" name="d" time="0.01"/>
  <testcase classname="TestNGKeywords.DependsOnstudy" name="e" time="0.0"/>
  <testcase classname="TestNGKeywords.EnabaledStudy" name="b" time="0.0">
    <ignored/>
  </testcase> <!-- b -->
</testsuite> <!-- allcombineclass -->
