<?xml version="1.0" encoding="UTF-8"?>
<!-- Generated by org.testng.reporters.JUnitXMLReporter -->
<testsuite ignored="0" hostname="LAPTOP-A1J62A9F" failures="0" tests="4" name="SanityTesting" time="0.083" errors="0" timestamp="2022-07-29T10:17:08 IST">
  <testcase classname="TestNGSerial_ParralelEx1.SanityTesting" name="Build1" time="0.013"/>
  <testcase classname="TestNGSerial_ParralelEx1.SanityTesting" name="Build2" time="0.001"/>
  <testcase classname="TestNGSerial_ParralelEx1.SanityTesting" name="Build3" time="0.001"/>
  <testcase classname="TestNGSerial_ParralelEx1.SanityTesting" name="Build4" time="0.001"/>
</testsuite> <!-- SanityTesting -->
