<?xml version="1.0" encoding="UTF-8"?>
<!-- Generated by org.testng.reporters.JUnitXMLReporter -->
<testsuite ignored="0" hostname="LAPTOP-A1J62A9F" failures="0" tests="4" name="SmokeTesting" time="0.016" errors="0" timestamp="2022-07-29T10:17:09 IST">
  <testcase classname="TestNGSerial_ParralelEx1.SmokeTesting" name="Build5" time="0.001"/>
  <testcase classname="TestNGSerial_ParralelEx1.SmokeTesting" name="Build6" time="0.002"/>
  <testcase classname="TestNGSerial_ParralelEx1.SmokeTesting" name="Build7" time="0.002"/>
  <testcase classname="TestNGSerial_ParralelEx1.SmokeTesting" name="Build8" time="0.001"/>
</testsuite> <!-- SmokeTesting -->
