<?xml version="1.0" encoding="UTF-8"?>
<!-- Generated by org.testng.reporters.JUnitXMLReporter -->
<testsuite ignored="0" hostname="LAPTOP-A1J62A9F" failures="1" tests="5" name="Test" time="0.157" errors="0" timestamp="2022-08-05T01:12:13 IST">
  <testcase classname="TestNGListnerStudy.Sanity" name="Test3" time="0.015"/>
  <testcase classname="TestNGListnerStudy.Sanity" name="Test4" time="0.007">
    <failure type="java.lang.AssertionError" message="null">
      <![CDATA[java.lang.AssertionError: null
at TestNGListnerStudy.Sanity.Test4(Sanity.java:15)
at java.base/java.util.ArrayList.forEach(ArrayList.java:1541)
... Removed 29 stack frames]]>
    </failure>
  </testcase> <!-- Test4 -->
  <testcase classname="TestNGListnerStudy.Sanity" name="Test5" time="0.003"/>
  <testcase classname="TestNGListnerStudy.Smoke" name="Test1" time="0.003"/>
  <testcase classname="TestNGListnerStudy.Smoke" name="Test2" time="0.004"/>
</testsuite> <!-- Test -->
